<?xml version="1.0" encoding="UTF-8"?>
<!-- Generated by org.testng.reporters.JUnitReportReporter -->
<testsuite skipped="0" hostname="dell" name="srcTestNG.ObjRepoTest" tests="1" failures="1" timestamp="16 Jul 2019 14:59:07 GMT" time="104.230" errors="0">
  <testcase name="f" time="104.230" classname="srcTestNG.ObjRepoTest">
    <failure type="org.junit.ComparisonFailure" message="Title do not match expected:&lt;[Palava City - India&#039;s No. 1 Smart City* Project by Lodha Group]&gt; but was:&lt;[]&gt;">
      <![CDATA[org.junit.ComparisonFailure: Title do not match expected:<[Palava City - India's No. 1 Smart City* Project by Lodha Group]> but was:<[]>at org.junit.Assert.assertEquals(Assert.java:115)at srcTestNG.methodClass.AssertTittleofpage(methodClass.java:34)at srcTestNG.ObjRepoTest.execute_Actions(ObjRepoTest.java:68)at srcTestNG.ObjRepoTest.f(ObjRepoTest.java:41)at sun.reflect.NativeMethodAccessorImpl.invoke0(Native Method)at sun.reflect.NativeMethodAccessorImpl.invoke(Unknown Source)at sun.reflect.DelegatingMethodAccessorImpl.invoke(Unknown Source)at java.lang.reflect.Method.invoke(Unknown Source)at org.testng.internal.MethodInvocationHelper.invokeMethod(MethodInvocationHelper.java:124)at org.testng.internal.Invoker.invokeMethod(Invoker.java:571)at org.testng.internal.Invoker.invokeTestMethod(Invoker.java:707)at org.testng.internal.Invoker.invokeTestMethods(Invoker.java:979)at org.testng.internal.TestMethodWorker.invokeTestMethods(TestMethodWorker.java:125)at org.testng.internal.TestMethodWorker.run(TestMethodWorker.java:109)at org.testng.TestRunner.privateRun(TestRunner.java:648)at org.testng.TestRunner.run(TestRunner.java:505)at org.testng.SuiteRunner.runTest(SuiteRunner.java:455)at org.testng.SuiteRunner.runSequentially(SuiteRunner.java:450)at org.testng.SuiteRunner.privateRun(SuiteRunner.java:415)at org.testng.SuiteRunner.run(SuiteRunner.java:364)at org.testng.SuiteRunnerWorker.runSuite(SuiteRunnerWorker.java:52)at org.testng.SuiteRunnerWorker.run(SuiteRunnerWorker.java:84)at org.testng.TestNG.runSuitesSequentially(TestNG.java:1187)at org.testng.TestNG.runSuitesLocally(TestNG.java:1116)at org.testng.TestNG.runSuites(TestNG.java:1028)at org.testng.TestNG.run(TestNG.java:996)at org.testng.remote.AbstractRemoteTestNG.run(AbstractRemoteTestNG.java:114)at org.testng.remote.RemoteTestNG.initAndRun(RemoteTestNG.java:251)at org.testng.remote.RemoteTestNG.main(RemoteTestNG.java:77)]]>
    </failure>
  </testcase> <!-- f -->
</testsuite> <!-- srcTestNG.ObjRepoTest -->
