<?xml version="1.0" encoding="UTF-8"?>
<!-- Generated by org.testng.reporters.JUnitReportReporter -->
<testsuite skipped="0" hostname="dell" name="srcTestNG.abc" tests="2" failures="0" timestamp="14 Jul 2019 12:31:32 GMT" time="206.216" errors="0">
  <testcase name="popupclose" time="35.914" classname="srcTestNG.abc"/>
  <testcase name="f1ReadWriteExcel" time="170.302" classname="srcTestNG.abc"/>
</testsuite> <!-- srcTestNG.abc -->
