<?xml version="1.0" encoding="UTF-8"?>
<!-- Generated by org.testng.reporters.JUnitReportReporter -->
<testsuite skipped="0" hostname="dell" name="srcTestNG.stadium" tests="1" failures="0" timestamp="23 Jul 2019 14:50:28 GMT" time="39.317" errors="0">
  <testcase name="f" time="39.317" classname="srcTestNG.stadium"/>
</testsuite> <!-- srcTestNG.stadium -->
